<?xml version="1.0" encoding="UTF-8"?>
<!-- Generated by org.testng.reporters.JUnitReportReporter -->
<testsuite hostname="LAPTOP-U2PJG3KU" failures="0" tests="6" name="com.Hari.Test.FlightBookingTest" time="0.038" errors="0" timestamp="2021-10-16T08:04:52 IST" skipped="0">
  <testcase classname="com.Hari.Test.FlightBookingTest" name="Signup" time="0.021"/>
  <system-out/>
  <testcase classname="com.Hari.Test.FlightBookingTest" name="Login" time="0.003"/>
  <system-out/>
  <testcase classname="com.Hari.Test.FlightBookingTest" name="SearchForTheFlight" time="0.005"/>
  <system-out/>
  <testcase classname="com.Hari.Test.FlightBookingTest" name="BookTheFlight" time="0.005"/>
  <system-out/>
  <testcase classname="com.Hari.Test.FlightBookingTest" name="SaveTheTicket" time="0.002"/>
  <system-out/>
  <testcase classname="com.Hari.Test.FlightBookingTest" name="Logout" time="0.002"/>
  <system-out/>
</testsuite> <!-- com.Hari.Test.FlightBookingTest -->
