<?xml version="1.0" encoding="UTF-8"?>
<!-- Generated by org.testng.reporters.JUnitReportReporter -->
<testsuite hostname="LAPTOP-U2PJG3KU" failures="0" tests="1" name="com.Hari.Test.Assertions1" time="10.515" errors="0" timestamp="2021-10-29T20:35:12 IST" skipped="0">
  <testcase classname="com.Hari.Test.Assertions1" name="TestFacebook" time="10.515"/>
  <system-out/>
</testsuite> <!-- com.Hari.Test.Assertions1 -->
