<?xml version="1.0" encoding="UTF-8"?>
<!-- Generated by org.testng.reporters.JUnitReportReporter -->
<testsuite hostname="LAPTOP-U2PJG3KU" failures="0" tests="7" name="com.Hari.Test.OrangeHRM" time="30.597" errors="0" timestamp="2021-10-29T19:34:09 IST" skipped="0">
  <testcase classname="com.Hari.Test.OrangeHRM" name="EnterLoginDetails" time="4.846"/>
  <system-out/>
  <testcase classname="com.Hari.Test.OrangeHRM" name="VerifyLogin" time="0.231"/>
  <system-out/>
  <testcase classname="com.Hari.Test.OrangeHRM" name="LaunchApp" time="8.853"/>
  <system-out/>
  <testcase classname="com.Hari.Test.OrangeHRM" name="LaunchApp" time="8.964"/>
  <system-out/>
  <testcase classname="com.Hari.Test.OrangeHRM" name="VerfyMyInfo" time="0.093"/>
  <system-out/>
  <testcase classname="com.Hari.Test.OrangeHRM" name="NavigatingToMyinfo" time="2.019"/>
  <system-out/>
  <testcase classname="com.Hari.Test.OrangeHRM" name="EnterLoginDetails" time="5.591"/>
  <system-out/>
</testsuite> <!-- com.Hari.Test.OrangeHRM -->
