<?xml version="1.0" encoding="UTF-8"?>
<!-- Generated by org.testng.reporters.JUnitReportReporter -->
<testsuite hostname="LAPTOP-U2PJG3KU" failures="0" tests="3" name="com.Group.Test.GroupTest1" time="0.021" errors="0" timestamp="2021-10-16T15:21:30 IST" skipped="0">
  <testcase classname="com.Group.Test.GroupTest1" name="Test2" time="0.003"/>
  <system-out/>
  <testcase classname="com.Group.Test.GroupTest1" name="Test3" time="0.002"/>
  <system-out/>
  <testcase classname="com.Group.Test.GroupTest1" name="Test1" time="0.016"/>
  <system-out/>
</testsuite> <!-- com.Group.Test.GroupTest1 -->
