<?xml version="1.0" encoding="UTF-8"?>
<!-- Generated by org.testng.reporters.JUnitReportReporter -->
<testsuite skipped="0" hostname="LAPTOP-U2PJG3KU" name="Hari.com.Login" tests="1" failures="0" timestamp="2021-11-07T15:29:02 IST" time="33.633" errors="0">
  <testcase name="Google" time="33.633" classname="Hari.com.Login"/>
  <system-out/>
</testsuite> <!-- Hari.com.Login -->
