<?xml version="1.0" encoding="UTF-8"?>
<!-- Generated by org.testng.reporters.JUnitReportReporter -->
<testsuite hostname="LAPTOP-U2PJG3KU" failures="0" tests="2" name="com.Hari.Test.FirstTest" time="25.614" errors="0" timestamp="2021-10-29T12:08:30 IST" skipped="0">
  <testcase classname="com.Hari.Test.FirstTest" name="TestGoogle" time="11.830"/>
  <system-out/>
  <testcase classname="com.Hari.Test.FirstTest" name="TestFacebook" time="13.784"/>
  <system-out/>
</testsuite> <!-- com.Hari.Test.FirstTest -->
