<?xml version="1.0" encoding="UTF-8"?>
<!-- Generated by org.testng.reporters.JUnitReportReporter -->
<testsuite hostname="LAPTOP-U2PJG3KU" failures="0" tests="2" name="com.Hari.Test.Annotations" time="0.013" errors="0" timestamp="2021-10-29T19:44:18 IST" skipped="0">
  <testcase classname="com.Hari.Test.Annotations" name="testMethod1" time="0.008"/>
  <system-out/>
  <testcase classname="com.Hari.Test.Annotations" name="testMethod2" time="0.005"/>
  <system-out/>
</testsuite> <!-- com.Hari.Test.Annotations -->
