<?xml version="1.0" encoding="UTF-8"?>
<!-- Generated by org.testng.reporters.JUnitReportReporter -->
<testsuite hostname="LAPTOP-U2PJG3KU" failures="0" tests="1" name="com.Group.Test.GroupTest2" time="0.001" errors="0" timestamp="2021-10-16T15:21:30 IST" skipped="0">
  <testcase classname="com.Group.Test.GroupTest2" name="Test6" time="0.001"/>
  <system-out/>
</testsuite> <!-- com.Group.Test.GroupTest2 -->
